#
# There is insufficient memory for the Java Runtime Environment to continue.
# Native memory allocation (malloc) failed to allocate 1048576 bytes for AllocateHeap
# Possible reasons:
#   The system is out of physical RAM or swap space
#   In 32 bit mode, the process size limit was hit
# Possible solutions:
#   Reduce memory load on the system
#   Increase physical memory or swap space
#   Check if swap backing store is full
#   Use 64 bit Java on a 64 bit OS
#   Decrease Java heap size (-Xmx/-Xms)
#   Decrease number of Java threads
#   Decrease Java thread stack sizes (-Xss)
#   Set larger code cache with -XX:ReservedCodeCacheSize=
# This output file may be truncated or incomplete.
#
#  Out of Memory Error (memory/allocation.inline.hpp:61), pid=32544, tid=0x0000000000004b80
#
# JRE version:  (8.0_131-b11) (build )
# Java VM: Java HotSpot(TM) 64-Bit Server VM (25.131-b11 mixed mode windows-amd64 compressed oops)
# Failed to write core dump. Minidumps are not enabled by default on client versions of Windows
#

---------------  T H R E A D  ---------------

Current thread (0x00000000036aa000):  JavaThread "Unknown thread" [_thread_in_vm, id=19328, stack(0x0000000003510000,0x0000000003610000)]

Stack: [0x0000000003510000,0x0000000003610000]
[error occurred during error reporting (printing stack bounds), id 0xc0000005]

Native frames: (J=compiled Java code, j=interpreted, Vv=VM code, C=native code)


---------------  P R O C E S S  ---------------

Java Threads: ( => current thread )

Other Threads:

=>0x00000000036aa000 (exited) JavaThread "Unknown thread" [_thread_in_vm, id=19328, stack(0x0000000003510000,0x0000000003610000)]

VM state:not at safepoint (normal execution)

VM Mutex/Monitor currently owned by a thread: None

Heap:
 PSYoungGen      total 76288K, used 1310K [0x000000076b200000, 0x0000000770700000, 0x00000007c0000000)
  eden space 65536K, 2% used [0x000000076b200000,0x000000076b347af0,0x000000076f200000)
  from space 10752K, 0% used [0x000000076fc80000,0x000000076fc80000,0x0000000770700000)
  to   space 10752K, 0% used [0x000000076f200000,0x000000076f200000,0x000000076fc80000)
 ParOldGen       total 175104K, used 0K [0x00000006c1600000, 0x00000006cc100000, 0x000000076b200000)
  object space 175104K, 0% used [0x00000006c1600000,0x00000006c1600000,0x00000006cc100000)
 Metaspace       used 783K, capacity 1092K, committed 1152K, reserved 1060864K
  class space    used 75K, capacity 384K, committed 384K, reserved 1048576K

Card table byte_map: [0x0000000012b60000,0x0000000013360000] byte_map_base: 0x000000000f555000

Marking Bits: (ParMarkBitMap*) 0x0000000077f7c720
 Begin Bits: [0x0000000013cb0000, 0x0000000017c58000)
 End Bits:   [0x0000000017c58000, 0x000000001bc00000)

Polling page: 0x0000000001250000

CodeCache: size=245760Kb used=328Kb max_used=328Kb free=245431Kb
 bounds [0x00000000037a0000, 0x0000000003a10000, 0x00000000127a0000]
 total_blobs=58 nmethods=0 adapters=38
 compilation: enabled

Compilation events (0 events):
No events

GC Heap History (0 events):
No events

Deoptimization events (0 events):
No events

Internal exceptions (0 events):
No events

Events (10 events):
Event: 0.038 loading class java/lang/Short
Event: 0.038 loading class java/lang/Short done
Event: 0.038 loading class java/lang/Integer
Event: 0.038 loading class java/lang/Integer done
Event: 0.038 loading class java/lang/Long
Event: 0.038 loading class java/lang/Long done
Event: 0.039 loading class java/lang/NullPointerException
Event: 0.039 loading class java/lang/NullPointerException done
Event: 0.039 loading class java/lang/ArithmeticException
Event: 0.039 loading class java/lang/ArithmeticException done


Dynamic libraries:
0x00007ff7b3480000 - 0x00007ff7b34b7000 	C:\Program Files\Java\jdk1.8.0_131\bin\javaw.exe
0x00007ffa617c0000 - 0x00007ffa619b0000 	C:\WINDOWS\SYSTEM32\ntdll.dll
0x00007ffa5f9a0000 - 0x00007ffa5fa52000 	C:\WINDOWS\System32\KERNEL32.DLL
0x00007ffa5f420000 - 0x00007ffa5f6c3000 	C:\WINDOWS\System32\KERNELBASE.dll
0x00007ffa601f0000 - 0x00007ffa60293000 	C:\WINDOWS\System32\ADVAPI32.dll
0x00007ffa608f0000 - 0x00007ffa6098e000 	C:\WINDOWS\System32\msvcrt.dll
0x00007ffa60540000 - 0x00007ffa605d7000 	C:\WINDOWS\System32\sechost.dll
0x00007ffa5f870000 - 0x00007ffa5f990000 	C:\WINDOWS\System32\RPCRT4.dll
0x00007ffa60330000 - 0x00007ffa604c4000 	C:\WINDOWS\System32\USER32.dll
0x00007ffa5f2a0000 - 0x00007ffa5f2c1000 	C:\WINDOWS\System32\win32u.dll
0x00007ffa602a0000 - 0x00007ffa602c6000 	C:\WINDOWS\System32\GDI32.dll
0x00007ffa5f6d0000 - 0x00007ffa5f864000 	C:\WINDOWS\System32\gdi32full.dll
0x00007ffa5ef40000 - 0x00007ffa5efde000 	C:\WINDOWS\System32\msvcp_win.dll
0x00007ffa5f0f0000 - 0x00007ffa5f1ea000 	C:\WINDOWS\System32\ucrtbase.dll
0x00007ffa53330000 - 0x00007ffa535b5000 	C:\WINDOWS\WinSxS\amd64_microsoft.windows.common-controls_6595b64144ccf1df_6.0.18362.476_none_e6c4b11b130f2595\COMCTL32.dll
0x00007ffa61440000 - 0x00007ffa61776000 	C:\WINDOWS\System32\combase.dll
0x00007ffa5efe0000 - 0x00007ffa5f060000 	C:\WINDOWS\System32\bcryptPrimitives.dll
0x00007ffa60300000 - 0x00007ffa6032e000 	C:\WINDOWS\System32\IMM32.DLL
0x00000000502e0000 - 0x00000000503b2000 	C:\Program Files\Java\jdk1.8.0_131\jre\bin\msvcr100.dll
0x0000000077760000 - 0x0000000077ffc000 	C:\Program Files\Java\jdk1.8.0_131\jre\bin\server\jvm.dll
0x00007ffa5fa60000 - 0x00007ffa5fa68000 	C:\WINDOWS\System32\PSAPI.DLL
0x00007ffa576c0000 - 0x00007ffa576ca000 	C:\WINDOWS\SYSTEM32\VERSION.dll
0x00007ffa5c710000 - 0x00007ffa5c734000 	C:\WINDOWS\SYSTEM32\WINMM.dll
0x00007ffa33ce0000 - 0x00007ffa33ce9000 	C:\WINDOWS\SYSTEM32\WSOCK32.dll
0x00007ffa604d0000 - 0x00007ffa6053f000 	C:\WINDOWS\System32\WS2_32.dll
0x00007ffa5c6e0000 - 0x00007ffa5c70d000 	C:\WINDOWS\SYSTEM32\WINMMBASE.dll
0x00007ffa5eef0000 - 0x00007ffa5ef3a000 	C:\WINDOWS\System32\cfgmgr32.dll
0x0000000050420000 - 0x000000005042f000 	C:\Program Files\Java\jdk1.8.0_131\jre\bin\verify.dll
0x00000000502b0000 - 0x00000000502d9000 	C:\Program Files\Java\jdk1.8.0_131\jre\bin\java.dll
0x0000000050400000 - 0x0000000050416000 	C:\Program Files\Java\jdk1.8.0_131\jre\bin\zip.dll

VM Arguments:
jvm_args: -Dfile.encoding=UTF-8 
java_command: com.xiangyang.application.Application
java_class_path (initial): F:\xiangyang workspace\com.xiangyang.seata-test\xiangyang-bff-pc\target\classes;F:\xiangyang workspace\com.xiangyang.seata-test\xiangyang-client\target\classes;E:\Program Files\mvnRepository\org\springframework\boot\spring-boot-starter-web\1.5.10.RELEASE\spring-boot-starter-web-1.5.10.RELEASE.jar;E:\Program Files\mvnRepository\org\springframework\boot\spring-boot-starter\1.5.10.RELEASE\spring-boot-starter-1.5.10.RELEASE.jar;E:\Program Files\mvnRepository\org\springframework\boot\spring-boot\1.5.10.RELEASE\spring-boot-1.5.10.RELEASE.jar;E:\Program Files\mvnRepository\org\springframework\boot\spring-boot-starter-logging\1.5.10.RELEASE\spring-boot-starter-logging-1.5.10.RELEASE.jar;E:\Program Files\mvnRepository\org\slf4j\jcl-over-slf4j\1.7.25\jcl-over-slf4j-1.7.25.jar;E:\Program Files\mvnRepository\org\slf4j\jul-to-slf4j\1.7.25\jul-to-slf4j-1.7.25.jar;E:\Program Files\mvnRepository\org\slf4j\log4j-over-slf4j\1.7.25\log4j-over-slf4j-1.7.25.jar;E:\Program Files\mvnRepository\org\yaml\snakeyaml\1.17\snakeyaml-1.17.jar;E:\Program Files\mvnRepository\org\springframework\boot\spring-boot-starter-tomcat\1.5.10.RELEASE\spring-boot-starter-tomcat-1.5.10.RELEASE.jar;E:\Program Files\mvnRepository\org\apache\tomcat\embed\tomcat-embed-core\8.5.27\tomcat-embed-core-8.5.27.jar;E:\Program Files\mvnRepository\org\apache\tomcat\tomcat-annotations-api\8.5.27\tomcat-annotations-api-8.5.27.jar;E:\Program Files\mvnRepository\org\apache\tomcat\embed\tomcat-embed-el\8.5.27\tomcat-embed-el-8.5.27.jar;E:\Program Files\mvnRepository\org\apache\tomcat\embed\tomcat-embed-websocket\8.5.27\tomcat-embed-websocket-8.5.27.jar;E:\Program Files\mvnRepository\org\hibernate\hibernate-validator\5.3.6.Final\hibernate-validator-5.3.6.Final.jar;E:\Program Files\mvnRepository\javax\validation\validation-api\1.1.0.Final\validation-api-1.1.0.Final.jar;E:\Program Files\mvnRepository\org\jboss\logging\jboss-logging\3.3.1.Final\jboss-logging-3.3.1.Final.jar;E:\Program Files\mvnReposito
Launcher Type: SUN_STANDARD

Environment Variables:
JAVA_HOME=C:\Program Files\Java\jdk1.8.0_131
CLASSPATH=E:\Program Files\apache-tomcat-9.0.10\lib
PATH=C:/Program Files/Java/jre1.8.0_201/bin/server;C:/Program Files/Java/jre1.8.0_201/bin;C:/Program Files/Java/jre1.8.0_201/lib/amd64;C:\ProgramData\Oracle\Java\javapath;C:\Program Files (x86)\Common Files\Oracle\Java\javapath;C:\Program Files (x86)\Intel\iCLS Client\;"C:\Program Files\Java\jdk1.8.0_131\bin;C:\Program Files\Java\jdk1.8.0_131\jre\bin;C:\Program Files\Intel\iCLS Client\";C:\Windows\system32;C:\Windows;C:\Windows\System32\Wbem;C:\Windows\System32\WindowsPowerShell\v1.0\;C:\Program Files (x86)\Intel\Intel(R) Management Engine Components\DAL;C:\Program Files\Intel\Intel(R) Management Engine Components\DAL;C:\Program Files (x86)\Intel\Intel(R) Management Engine Components\IPT;C:\Program Files\Intel\Intel(R) Management Engine Components\IPT;C:\Program Files (x86)\NVIDIA Corporation\PhysX\Common;E:\软件工具\svn\bin;%JA;A_HOME%\bin;E:\软件工具\jmeter\apache-jmeter-3.2\bin;C:\WINDOWS\system32;C:\WINDOWS;C:\WINDOWS\System32\Wbem;C:\WINDOWS\System32\WindowsPowerShell\v1.0\;C:\WINDOWS\System32\OpenSSH\;E:\Program Files\apache-maven-3.5.4\bin\;E:\Program Files\apache-tomcat-9.0.10\bin\;E:\Program Files\Git\cmd;E:\Program Files\gradle-4.9\bin;E:\mysql\mysql-8.0.12-winx64\bin;E:\Program Files (x86)\erl10.0.1\bin;E:\rabbitMq\rabbitmq_server-3.7.7\sbin;C:\Program Files\Java\jdk1.8.0_131\bin;C:\Program Files (x86)\Pandoc\;C:\Users\15138\AppData\Local\Microsoft\WindowsApps;C:\Users\15138\AppData\Local\Programs\Fiddler;C:\Users\15138\AppData\Local\BypassRuntm;%USERPROFILE%\AppData\Local\Microsoft\WindowsApps;;C:\Users\15138\Desktop;
USERNAME=15138
OS=Windows_NT
PROCESSOR_IDENTIFIER=Intel64 Family 6 Model 94 Stepping 3, GenuineIntel



---------------  S Y S T E M  ---------------

OS: Windows 10.0 , 64 bit Build 18362 (10.0.18362.329)

CPU:total 4 (initial active 4) (4 cores per cpu, 1 threads per core) family 6 model 94 stepping 3, cmov, cx8, fxsr, mmx, sse, sse2, sse3, ssse3, sse4.1, sse4.2, popcnt, avx, avx2, aes, clmul, erms, 3dnowpref, lzcnt, tsc, tscinvbit, bmi1, bmi2, adx

Memory: 4k page, physical 16683152k(3636780k free), swap 67014800k(4152k free)

vm_info: Java HotSpot(TM) 64-Bit Server VM (25.131-b11) for windows-amd64 JRE (1.8.0_131-b11), built on Mar 15 2017 01:23:53 by "java_re" with MS VC++ 10.0 (VS2010)

time: Fri Dec 06 11:13:49 2019
elapsed time: 0 seconds (0d 0h 0m 0s)

